0 info it worked if it ends with ok
1 verbose cli [ '/usr/bin/nodejs', '/usr/bin/npm', 'publish' ]
2 info using npm@4.1.2
3 info using node@v7.6.0
4 verbose publish [ '.' ]
5 silly cache add args [ '.', null ]
6 verbose cache add spec .
7 silly cache add parsed spec Result {
7 silly cache add   raw: '.',
7 silly cache add   scope: null,
7 silly cache add   escapedName: null,
7 silly cache add   name: null,
7 silly cache add   rawSpec: '.',
7 silly cache add   spec: '/home/kot/Github/generator-bem-blocks',
7 silly cache add   type: 'directory' }
8 verbose addLocalDirectory /home/kot/.npm/generator-bem-blocks/0.0.5/package.tgz not in flight; packing
9 verbose correctMkdir /home/kot/.npm correctMkdir not in flight; initializing
10 warn prepublish-on-install As of npm@5, `prepublish` scripts will run only for `npm publish`.
11 warn prepublish-on-install (In npm@4 and previous versions, it also runs for `npm install`.)
12 warn prepublish-on-install See the deprecation note in `npm help scripts` for more information.
13 info lifecycle generator-bem-blocks@0.0.5~prepublish: generator-bem-blocks@0.0.5
14 verbose lifecycle generator-bem-blocks@0.0.5~prepublish: unsafe-perm in lifecycle true
15 verbose lifecycle generator-bem-blocks@0.0.5~prepublish: PATH: /usr/lib/node_modules/npm/bin/node-gyp-bin:/home/kot/Github/generator-bem-blocks/node_modules/.bin:/home/kot/bin:/home/kot/.local/bin:/home/kot/bin:/home/kot/.local/bin:/usr/local/sbin:/usr/local/bin:/usr/sbin:/usr/bin:/sbin:/bin:/usr/games:/usr/local/games:/snap/bin:/snap/bin
16 verbose lifecycle generator-bem-blocks@0.0.5~prepublish: CWD: /home/kot/Github/generator-bem-blocks
17 silly lifecycle generator-bem-blocks@0.0.5~prepublish: Args: [ '-c', 'gulp prepublish' ]
18 silly lifecycle generator-bem-blocks@0.0.5~prepublish: Returned: code: 0  signal: null
19 info lifecycle generator-bem-blocks@0.0.5~prepare: generator-bem-blocks@0.0.5
20 silly lifecycle generator-bem-blocks@0.0.5~prepare: no script for prepare, continuing
21 verbose tar pack [ '/home/kot/.npm/generator-bem-blocks/0.0.5/package.tgz',
21 verbose tar pack   '/home/kot/Github/generator-bem-blocks' ]
22 verbose tarball /home/kot/.npm/generator-bem-blocks/0.0.5/package.tgz
23 verbose folder /home/kot/Github/generator-bem-blocks
24 verbose addLocalTarball adding from inside cache /home/kot/.npm/generator-bem-blocks/0.0.5/package.tgz
25 verbose correctMkdir /home/kot/.npm correctMkdir not in flight; initializing
26 silly cache afterAdd generator-bem-blocks@0.0.5
27 verbose afterAdd /home/kot/.npm/generator-bem-blocks/0.0.5/package/package.json not in flight; writing
28 verbose correctMkdir /home/kot/.npm correctMkdir not in flight; initializing
29 verbose afterAdd /home/kot/.npm/generator-bem-blocks/0.0.5/package/package.json written
30 silly publish { name: 'generator-bem-blocks',
30 silly publish   version: '0.0.5',
30 silly publish   description: 'Easiest way to create new blocks :watermelon:',
30 silly publish   homepage: 'https://github.com/lamartire/generator-bem-blocks',
30 silly publish   author:
30 silly publish    { name: 'lamartire',
30 silly publish      email: 'lamartire@gmail.com',
30 silly publish      url: 'darkened.space' },
30 silly publish   files: [ 'generators' ],
30 silly publish   main: 'generators/index.js',
30 silly publish   keywords: [ 'bem', 'blocks', 'yeoman-generator' ],
30 silly publish   dependencies:
30 silly publish    { 'yeoman-generator': '^1.0.0',
30 silly publish      chalk: '^1.1.3',
30 silly publish      yosay: '^1.2.1' },
30 silly publish   devDependencies:
30 silly publish    { eslint: '^3.1.1',
30 silly publish      'eslint-config-xo-space': '^0.15.0',
30 silly publish      gulp: '^3.9.0',
30 silly publish      'gulp-coveralls': '^0.1.0',
30 silly publish      'gulp-eslint': '^3.0.1',
30 silly publish      'gulp-exclude-gitignore': '^1.0.0',
30 silly publish      'gulp-istanbul': '^1.0.0',
30 silly publish      'gulp-line-ending-corrector': '^1.0.1',
30 silly publish      'gulp-mocha': '^3.0.1',
30 silly publish      'gulp-nsp': '^2.1.0',
30 silly publish      'gulp-plumber': '^1.0.0',
30 silly publish      'yeoman-assert': '^2.2.1',
30 silly publish      'yeoman-test': '^1.6.0' },
30 silly publish   eslintConfig: { extends: 'xo-space', env: { mocha: true } },
30 silly publish   repository:
30 silly publish    { type: 'git',
30 silly publish      url: 'git+https://github.com/lamartire/generator-bem-blocks.git' },
30 silly publish   scripts: { prepublish: 'gulp prepublish', test: 'gulp' },
30 silly publish   license: 'MIT',
30 silly publish   readme: '# generator-bem-blocks [![NPM version][npm-image]][npm-url] [![Build Status][travis-image]][travis-url] [![Coverage Status][coveralls-image]][coveralls-url]\n>\n\n## Installation\n\nFirst, install [Yeoman](http://yeoman.io) and generator-bem-blocks using [npm](https://www.npmjs.com/) (we assume you have pre-installed [node.js](https://nodejs.org/)).\n\n```bash\nnpm install -g yo\nnpm install -g generator-bem-blocks\n```\n\n## Usage\n\nThis is really easiest way to generate bem blocks.\n\n```bash\nyo bem-blocks\n```\n\nBasic structure of generated block:\n\n```\nblockName/\n  ├──blockName.markupExtension\n  └──blockName.styleExtension\n```\n\n## Supported extensions\n\n| **Markup** | **Style** |\n|------------|-----------|\n|`jsx`|`styl`|\n|`pug`|`css`|\n|`pug bem-to`|`sass`|\n|`html`|`scss`|\n|~|`less`|\n|~|`sss`|\n\nAlso, with `jsx` block it creates `index.jsx` to more comfortable import.\n\n## License\n\nMIT © [lamartire]()\n\n\n[npm-image]: https://badge.fury.io/js/generator-bem-blocks.svg\n[npm-url]: https://npmjs.org/package/generator-bem-blocks\n[travis-image]: https://travis-ci.org/lamartire/generator-bem-blocks.svg?branch=master\n[travis-url]: https://travis-ci.org/lamartire/generator-bem-blocks\n[coveralls-image]: https://coveralls.io/repos/lamartire/generator-bem-blocks/badge.svg\n[coveralls-url]: https://coveralls.io/r/lamartire/generator-bem-blocks\n',
30 silly publish   readmeFilename: 'README.md',
30 silly publish   gitHead: '6c72e806285fbf7d4220a753c67aa90aea36c31b',
30 silly publish   bugs: { url: 'https://github.com/lamartire/generator-bem-blocks/issues' },
30 silly publish   _id: 'generator-bem-blocks@0.0.5',
30 silly publish   _shasum: '2148e734cd8f7caa71ce7416a5646aa98682fc45',
30 silly publish   _from: '.' }
31 info lifecycle generator-bem-blocks@0.0.5~prepublishOnly: generator-bem-blocks@0.0.5
32 silly lifecycle generator-bem-blocks@0.0.5~prepublishOnly: no script for prepublishOnly, continuing
33 verbose getPublishConfig undefined
34 silly mapToRegistry name generator-bem-blocks
35 silly mapToRegistry using default registry
36 silly mapToRegistry registry https://registry.npmjs.org/
37 silly mapToRegistry data Result {
37 silly mapToRegistry   raw: 'generator-bem-blocks',
37 silly mapToRegistry   scope: null,
37 silly mapToRegistry   escapedName: 'generator-bem-blocks',
37 silly mapToRegistry   name: 'generator-bem-blocks',
37 silly mapToRegistry   rawSpec: '',
37 silly mapToRegistry   spec: 'latest',
37 silly mapToRegistry   type: 'tag' }
38 silly mapToRegistry uri https://registry.npmjs.org/generator-bem-blocks
39 verbose publish registryBase https://registry.npmjs.org/
40 silly publish uploading /home/kot/.npm/generator-bem-blocks/0.0.5/package.tgz
41 verbose request uri https://registry.npmjs.org/generator-bem-blocks
42 verbose request sending authorization for write operation
43 info attempt registry request try #1 at 13:33:00
44 verbose request using bearer token for auth
45 verbose request id ccc5c862a7c84774
46 http request PUT https://registry.npmjs.org/generator-bem-blocks
47 http 403 https://registry.npmjs.org/generator-bem-blocks
48 verbose headers { 'content-type': 'application/json',
48 verbose headers   'cache-control': 'max-age=300',
48 verbose headers   'content-length': '95',
48 verbose headers   'accept-ranges': 'bytes',
48 verbose headers   date: 'Sun, 05 Mar 2017 10:33:01 GMT',
48 verbose headers   via: '1.1 varnish',
48 verbose headers   connection: 'keep-alive',
48 verbose headers   'x-served-by': 'cache-hhn1522-HHN',
48 verbose headers   'x-cache': 'MISS',
48 verbose headers   'x-cache-hits': '0',
48 verbose headers   'x-timer': 'S1488709980.737041,VS0,VE1255',
48 verbose headers   vary: 'Accept-Encoding' }
49 verbose request invalidating /home/kot/.npm/registry.npmjs.org/generator-bem-blocks on PUT
50 error publish Failed PUT 403
51 verbose stack Error: "You cannot publish over the previously published version 0.0.5." : generator-bem-blocks
51 verbose stack     at makeError (/usr/lib/node_modules/npm/node_modules/npm-registry-client/lib/request.js:304:12)
51 verbose stack     at CachingRegistryClient.<anonymous> (/usr/lib/node_modules/npm/node_modules/npm-registry-client/lib/request.js:292:14)
51 verbose stack     at Request._callback (/usr/lib/node_modules/npm/node_modules/npm-registry-client/lib/request.js:212:14)
51 verbose stack     at Request.self.callback (/usr/lib/node_modules/npm/node_modules/request/request.js:186:22)
51 verbose stack     at emitTwo (events.js:106:13)
51 verbose stack     at Request.emit (events.js:192:7)
51 verbose stack     at Request.<anonymous> (/usr/lib/node_modules/npm/node_modules/request/request.js:1081:10)
51 verbose stack     at emitOne (events.js:96:13)
51 verbose stack     at Request.emit (events.js:189:7)
51 verbose stack     at IncomingMessage.<anonymous> (/usr/lib/node_modules/npm/node_modules/request/request.js:1001:12)
52 verbose statusCode 403
53 verbose pkgid generator-bem-blocks
54 verbose cwd /home/kot/Github/generator-bem-blocks
55 error Linux 4.8.0-39-generic
56 error argv "/usr/bin/nodejs" "/usr/bin/npm" "publish"
57 error node v7.6.0
58 error npm  v4.1.2
59 error code E403
60 error "You cannot publish over the previously published version 0.0.5." : generator-bem-blocks
61 error If you need help, you may report this error at:
61 error     <https://github.com/npm/npm/issues>
62 verbose exit [ 1, true ]
