Arguments:
  /usr/bin/nodejs /usr/bin/yarn add -D ejs

PATH:
  /home/kot/bin:/home/kot/.local/bin:/home/kot/bin:/home/kot/.local/bin:/usr/local/sbin:/usr/local/bin:/usr/sbin:/usr/bin:/sbin:/bin:/usr/games:/usr/local/games:/snap/bin:/snap/bin

Yarn version:
  0.21.3

Node version:
  7.6.0

Platform:
  linux x64

npm manifest:
  {
    "name": "generator-bem-blocks",
    "version": "0.0.0",
    "description": "",
    "homepage": "",
    "author": {
      "name": "lamartire",
      "email": "lamartire@gmail.com",
      "url": ""
    },
    "files": [
      "generators"
    ],
    "main": "generators/index.js",
    "keywords": [
      "",
      "yeoman-generator"
    ],
    "dependencies": {
      "yeoman-generator": "^1.0.0",
      "chalk": "^1.1.3",
      "yosay": "^1.2.1"
    },
    "devDependencies": {
      "yeoman-test": "^1.6.0",
      "yeoman-assert": "^2.2.1",
      "eslint": "^3.1.1",
      "eslint-config-xo-space": "^0.15.0",
      "gulp": "^3.9.0",
      "gulp-eslint": "^3.0.1",
      "gulp-exclude-gitignore": "^1.0.0",
      "gulp-line-ending-corrector": "^1.0.1",
      "gulp-istanbul": "^1.0.0",
      "gulp-mocha": "^3.0.1",
      "gulp-plumber": "^1.0.0",
      "gulp-nsp": "^2.1.0",
      "gulp-coveralls": "^0.1.0"
    },
    "eslintConfig": {
      "extends": "xo-space",
      "env": {
        "mocha": true
      }
    },
    "repository": "lamartire/generator-bem-blocks",
    "scripts": {
      "prepublish": "gulp prepublish",
      "test": "gulp"
    },
    "license": "MIT"
  }

yarn manifest:
  No manifest

Lockfile:
  No lockfile

Trace:
  Error: EACCES: permission denied, scandir '/home/kot/.cache/yarn/npm-tmp-0.0.29-f25125ff0dd9da3ccb0c2dd371ee1288bb9128c0/x'
